# JRE version: OpenJDK Runtime Environment Temurin-25.0.2+10 (25.0.2+10) (build 25.0.2+10-LTS)
# Java VM: OpenJDK 64-Bit Server VM Temurin-25.0.2+10 (25.0.2+10-LTS, mixed mode, sharing, tiered, compressed oops, compressed class ptrs, g1 gc, windows-amd64)
GC Precious Log:
 CardTable entry size: 512
 Card Set container configuration: InlinePtr #cards 5 size 8 Array Of Cards #cards 10 size 36 Howl #buckets 4 coarsen threshold 1843 Howl Bitmap #cards 512 size 80 coarsen threshold 460 Card regions per heap region 1 cards per card region 2048
 CPUs: 8 total, 8 available
 Memory: 5877M
 Large Page Support: Disabled
 NUMA Support: Disabled
 Compressed Oops: Enabled (32-bit)
 Heap Region Size: 1M
 Heap Min Capacity: 8M
 Heap Initial Capacity: 92M
 Heap Max Capacity: 1470M
 Pre-touch: Disabled
 Parallel Workers: 8
 Concurrent Workers: 2
 Concurrent Refinement Workers: 8
 Periodic GC: Disabled
Heap:
 garbage-first heap   total reserved 1505280K, committed 40960K, used 31015K [0x00000000a4200000, 0x0000000100000000)
  region size 1024K, 9 young (9216K), 1 survivors (1024K)
GC Heap Usage History (10 events):
Event: 3.871 {heap Before GC invocations=0 (full 0):
 garbage-first heap   total reserved 1505280K, committed 96256K, used 39059K [0x00000000a4200000, 0x0000000100000000)
  region size 1024K, 38 young (38912K), 0 survivors (0K)
}
Event: 3.881 {heap After GC invocations=1 (full 0):
 garbage-first heap   total reserved 1505280K, committed 96256K, used 6888K [0x00000000a4200000, 0x0000000100000000)
  region size 1024K, 6 young (6144K), 6 survivors (6144K)
}
Event: 338.738 {heap Before GC invocations=2 (full 0):
 garbage-first heap   total reserved 1505280K, committed 27648K, used 26344K [0x00000000a4200000, 0x0000000100000000)
  region size 1024K, 18 young (18432K), 6 survivors (6144K)
}
Event: 338.755 {heap After GC invocations=3 (full 0):
 garbage-first heap   total reserved 1505280K, committed 35840K, used 15266K [0x00000000a4200000, 0x0000000100000000)
  region size 1024K, 2 young (2048K), 2 survivors (2048K)
}
Event: 388.000 {heap Before GC invocations=3 (full 0):
 garbage-first heap   total reserved 1505280K, committed 35840K, used 33698K [0x00000000a4200000, 0x0000000100000000)
  region size 1024K, 12 young (12288K), 2 survivors (2048K)
}
Event: 388.004 {heap After GC invocations=4 (full 0):
 garbage-first heap   total reserved 1505280K, committed 37888K, used 23723K [0x00000000a4200000, 0x0000000100000000)
  region size 1024K, 2 young (2048K), 2 survivors (2048K)
}
Event: 2521.969 {heap Before GC invocations=4 (full 0):
 garbage-first heap   total reserved 1505280K, committed 37888K, used 31915K [0x00000000a4200000, 0x0000000100000000)
  region size 1024K, 10 young (10240K), 2 survivors (2048K)
}
Event: 2522.017 {heap After GC invocations=5 (full 0):
 garbage-first heap   total reserved 1505280K, committed 37888K, used 23750K [0x00000000a4200000, 0x0000000100000000)
  region size 1024K, 2 young (2048K), 2 survivors (2048K)
}
Event: 2612.666 {heap Before GC invocations=6 (full 0):
 garbage-first heap   total reserved 1505280K, committed 40960K, used 31942K [0x00000000a4200000, 0x0000000100000000)
  region size 1024K, 10 young (10240K), 2 survivors (2048K)
}
Event: 2612.669 {heap After GC invocations=7 (full 0):
 garbage-first heap   total reserved 1505280K, committed 40960K, used 23847K [0x00000000a4200000, 0x0000000100000000)
  region size 1024K, 1 young (1024K), 1 survivors (1024K)
}

